<?xml version="1.0" encoding="UTF-8"?>
<!-- Generated by org.testng.reporters.JUnitReportReporter -->
<testsuite skipped="0" hostname="360LP030-PC" name="com.hellofresh.challenge.LogIn" tests="1" failures="0" timestamp="10 Jun 2018 18:42:05 GMT" time="22.805" errors="0">
  <testcase name="logInTest" time="22.805" classname="com.hellofresh.challenge.LogIn"/>
</testsuite> <!-- com.hellofresh.challenge.LogIn -->
