<?xml version="1.0" encoding="UTF-8"?>
<!-- Generated by org.testng.reporters.JUnitReportReporter -->
<testsuite skipped="0" hostname="360LP030-PC" name="com.hellofresh.challenge.Checkout" tests="1" failures="0" timestamp="10 Jun 2018 18:42:05 GMT" time="47.377" errors="0">
  <testcase name="checkoutTest" time="47.377" classname="com.hellofresh.challenge.Checkout"/>
</testsuite> <!-- com.hellofresh.challenge.Checkout -->
